<?xml version="1.0" encoding="UTF-8"?>
<!-- Generated by org.testng.reporters.JUnitXMLReporter -->
<testsuite ignored="0" hostname="DESKTOP-F52NN2U" failures="1" tests="1" name="validating title in a page" time="12.815" errors="0" timestamp="30 Jun 2020 18:26:11 GMT">
  <testcase classname="webautomation.Mywebautomationframework.ValidateTitle" name="basepagenavigation" time="0.097">
    <failure type="java.lang.AssertionError" message="expected [Business Plans Include1] but found [Business Plans Include]">
      <![CDATA[java.lang.AssertionError: expected [Business Plans Include1] but found [Business Plans Include]
at webautomation.Mywebautomationframework.ValidateTitle.basepagenavigation(ValidateTitle.java:51)
at java.base/java.util.concurrent.FutureTask.run(FutureTask.java:264)
at java.base/java.util.concurrent.ThreadPoolExecutor.runWorker(ThreadPoolExecutor.java:1167)
at java.base/java.util.concurrent.ThreadPoolExecutor$Worker.run(ThreadPoolExecutor.java:641)
at java.base/java.lang.Thread.run(Thread.java:844)
... Removed 22 stack frames]]>
    </failure>
  </testcase> <!-- basepagenavigation -->
</testsuite> <!-- validating title in a page -->
