<!DOCTYPE html PUBLIC "-//W3C//DTD XHTML 1.1//EN" "http://www.w3.org/TR/xhtml11/DTD/xhtml11.dtd">
<html xmlns="http://www.w3.org/1999/xhtml"><head><title>TestNG Report</title><style type="text/css">table {margin-bottom:10px;border-collapse:collapse;empty-cells:show}th,td {border:1px solid #009;padding:.25em .5em}th {vertical-align:bottom}td {vertical-align:top}table a {font-weight:bold}.stripe td {background-color: #E6EBF9}.num {text-align:right}.passedodd td {background-color: #3F3}.passedeven td {background-color: #0A0}.skippedodd td {background-color: #DDD}.skippedeven td {background-color: #CCC}.failedodd td,.attn {background-color: #F33}.failedeven td,.stripe .attn {background-color: #D00}.stacktrace {white-space:pre;font-family:monospace}.totop {font-size:85%;text-align:center;border-bottom:2px solid #000}</style></head><body><table><tr><th>Test</th><th># Passed</th><th># Skipped</th><th># Failed</th><th>Time (ms)</th><th>Included Groups</th><th>Excluded Groups</th></tr><tr><th colspan="7">Suite</th></tr><tr><td><a href="#t0">validating title in a page</a></td><td class="num">0</td><td class="num">0</td><td class="num attn">1</td><td class="num">13,010</td><td></td><td></td></tr><tr class="stripe"><td><a href="#t1">validating login with 3 different credentials</a></td><td class="num">4</td><td class="num">0</td><td class="num">0</td><td class="num">17,393</td><td></td><td></td></tr><tr><td><a href="#t2">validating one of the menu on home page</a></td><td class="num">0</td><td class="num attn">1</td><td class="num">0</td><td class="num">603,652</td><td></td><td></td></tr><tr><th>Total</th><th class="num">4</th><th class="num attn">1</th><th class="num attn">1</th><th class="num">634,055</th><th colspan="2"></th></tr></table><table><thead><tr><th>Class</th><th>Method</th><th>Start</th><th>Time (ms)</th></tr></thead><tbody><tr><th colspan="4">Suite</th></tr></tbody><tbody id="t0"><tr><th colspan="4">validating title in a page &#8212; failed</th></tr><tr class="failedeven"><td rowspan="1">webautomation.Mywebautomationframework.ValidateTitle</td><td><a href="#m0">validatetitletext</a></td><td rowspan="1">1593695128980</td><td rowspan="1">48</td></tr></tbody><tbody id="t1"><tr><th colspan="4">validating login with 3 different credentials &#8212; passed</th></tr><tr class="passedeven"><td rowspan="4">webautomation.Mywebautomationframework.HomePageTest</td><td><a href="#m1">basepagenavigation</a></td><td rowspan="3">1593695131877</td><td rowspan="3">1439</td></tr><tr class="passedeven"><td><a href="#m2">basepagenavigation</a></td></tr><tr class="passedeven"><td><a href="#m3">basepagenavigation</a></td></tr><tr class="passedeven"><td><a href="#m4">forgotpasswordtest</a></td><td rowspan="1">1593695133316</td><td rowspan="1">887</td></tr></tbody><tbody id="t2"><tr><th colspan="4">validating one of the menu on home page &#8212; failed (configuration methods)</th></tr><tr class="failedeven"><td rowspan="1">webautomation.Mywebautomationframework.ValidateMenu</td><td><a href="#m5">initialize</a></td><td rowspan="1">1593695117115</td><td rowspan="1">0</td></tr><tr><th colspan="4">validating one of the menu on home page &#8212; skipped (configuration methods)</th></tr><tr class="skippedeven"><td rowspan="1">webautomation.Mywebautomationframework.ValidateMenu</td><td><a href="#m6">teardown</a></td><td rowspan="1">1593695720767</td><td rowspan="1">0</td></tr><tr><th colspan="4">validating one of the menu on home page &#8212; skipped</th></tr><tr class="skippedeven"><td rowspan="1">webautomation.Mywebautomationframework.ValidateMenu</td><td><a href="#m7">validatemenutext</a></td><td rowspan="1">1593695720752</td><td rowspan="1">0</td></tr></tbody></table><h2>validating title in a page</h2><h3 id="m0">webautomation.Mywebautomationframework.ValidateTitle#validatetitletext</h3><table class="result"><tr><th>Exception</th></tr><tr><td><div class="stacktrace">java.lang.AssertionError: expected [Business Plans Include1] but found [Business Plans Include]
	at webautomation.Mywebautomationframework.ValidateTitle.validatetitletext(ValidateTitle.java:49)
	at java.base/java.util.concurrent.FutureTask.run(FutureTask.java:264)
	at java.base/java.util.concurrent.ThreadPoolExecutor.runWorker(ThreadPoolExecutor.java:1167)
	at java.base/java.util.concurrent.ThreadPoolExecutor$Worker.run(ThreadPoolExecutor.java:641)
	at java.base/java.lang.Thread.run(Thread.java:844)
... Removed 22 stack frames</div></td></tr></table><p class="totop"><a href="#summary">back to summary</a></p><h2>validating login with 3 different credentials</h2><h3 id="m1">webautomation.Mywebautomationframework.HomePageTest#basepagenavigation</h3><table class="result"><tr class="param"><th>Parameter #1</th><th>Parameter #2</th></tr><tr class="param stripe"><td>ghi@test.com</td><td>1234567</td></tr></table><p class="totop"><a href="#summary">back to summary</a></p><h3 id="m2">webautomation.Mywebautomationframework.HomePageTest#basepagenavigation</h3><table class="result"><tr class="param"><th>Parameter #1</th><th>Parameter #2</th></tr><tr class="param stripe"><td>def@test.com</td><td>1234</td></tr></table><p class="totop"><a href="#summary">back to summary</a></p><h3 id="m3">webautomation.Mywebautomationframework.HomePageTest#basepagenavigation</h3><table class="result"><tr class="param"><th>Parameter #1</th><th>Parameter #2</th></tr><tr class="param stripe"><td>abc@test.com</td><td>123456</td></tr></table><p class="totop"><a href="#summary">back to summary</a></p><h3 id="m4">webautomation.Mywebautomationframework.HomePageTest#forgotpasswordtest</h3><table class="result"></table><p class="totop"><a href="#summary">back to summary</a></p><h2>validating one of the menu on home page</h2><h3 id="m5">webautomation.Mywebautomationframework.ValidateMenu#initialize</h3><table class="result"><tr><th>Exception</th></tr><tr><td><div class="stacktrace">org.openqa.selenium.SessionNotCreatedException: session not created
from timeout: Timed out receiving message from renderer: 600.000
  (Session info: headless chrome=83.0.4103.116)
Build info: version: &apos;3.141.59&apos;, revision: &apos;e82be7d358&apos;, time: &apos;2018-11-14T08:17:03&apos;
System info: host: &apos;DESKTOP-F52NN2U&apos;, ip: &apos;192.168.1.6&apos;, os.name: &apos;Windows 10&apos;, os.arch: &apos;amd64&apos;, os.version: &apos;10.0&apos;, java.version: &apos;9.0.4&apos;
Driver info: driver.version: ChromeDriver
remote stacktrace: Backtrace:
	Ordinal0 [0x01279563+2725219]
	Ordinal0 [0x01178551+1672529]
	Ordinal0 [0x01060359+525145]
	Ordinal0 [0x01057A90+490128]
	Ordinal0 [0x01056EFE+487166]
	Ordinal0 [0x01057135+487733]
	Ordinal0 [0x01056B75+486261]
	Ordinal0 [0x0105F055+520277]
	Ordinal0 [0x01056B32+486194]
	Ordinal0 [0x01057739+489273]
	Ordinal0 [0x01056EFE+487166]
	Ordinal0 [0x01057135+487733]
	Ordinal0 [0x01056B75+486261]
	Ordinal0 [0x0105B809+505865]
	Ordinal0 [0x0105B857+505943]
	Ordinal0 [0x01056B32+486194]
	Ordinal0 [0x01057739+489273]
	Ordinal0 [0x01056EFE+487166]
	Ordinal0 [0x01057135+487733]
	Ordinal0 [0x01056B75+486261]
	Ordinal0 [0x0105D83E+514110]
	Ordinal0 [0x01056B32+486194]
	Ordinal0 [0x01057739+489273]
	Ordinal0 [0x01056EFE+487166]
	Ordinal0 [0x01057135+487733]
	Ordinal0 [0x01056B75+486261]
	Ordinal0 [0x0105BBF6+506870]
	Ordinal0 [0x01056B32+486194]
	Ordinal0 [0x01057739+489273]
	Ordinal0 [0x01056EFE+487166]
	Ordinal0 [0x01057135+487733]
	Ordinal0 [0x01056B75+486261]
	Ordinal0 [0x0105B1B7+504247]
	Ordinal0 [0x01056B32+486194]
	Ordinal0 [0x01057739+489273]
	Ordinal0 [0x01056EFE+487166]
	Ordinal0 [0x01057135+487733]
	Ordinal0 [0x01056B75+486261]
	Ordinal0 [0x0105337C+471932]
	Ordinal0 [0x01056B32+486194]
	Ordinal0 [0x01056A87+486023]
	Ordinal0 [0x01060FF0+528368]
	Ordinal0 [0x0100D6C9+186057]
	Ordinal0 [0x0100CA3D+182845]
	Ordinal0 [0x0100A94B+174411]
	Ordinal0 [0x00FF2528+75048]
	Ordinal0 [0x00FF35A0+79264]
	Ordinal0 [0x00FF3539+79161]
	Ordinal0 [0x0118D607+1758727]
	GetHandleVerifier [0x01396546+1050150]
	GetHandleVerifier [0x01396291+1049457]
	GetHandleVerifier [0x013A10D7+1094071]
	GetHandleVerifier [0x01396B46+1051686]
	Ordinal0 [0x01185B06+1727238]
	Ordinal0 [0x0118EB7B+1764219]
	Ordinal0 [0x0118ECE3+1764579]
	Ordinal0 [0x011A4C05+1854469]
	BaseThreadInitThunk [0x740638F4+36]
	RtlUnicodeStringToInteger [0x77305DE3+595]
	RtlUnicodeStringToInteger [0x77305DAE+542]

	at org.openqa.selenium.remote.W3CHandshakeResponse.lambda$errorHandler$0(W3CHandshakeResponse.java:62)
	at org.openqa.selenium.remote.HandshakeResponse.lambda$getResponseFunction$0(HandshakeResponse.java:30)
	at org.openqa.selenium.remote.ProtocolHandshake.lambda$createSession$0(ProtocolHandshake.java:126)
	at java.base/java.util.stream.ReferencePipeline$3$1.accept(ReferencePipeline.java:195)
	at java.base/java.util.Spliterators$ArraySpliterator.tryAdvance(Spliterators.java:958)
	at java.base/java.util.stream.ReferencePipeline.forEachWithCancel(ReferencePipeline.java:127)
	at java.base/java.util.stream.AbstractPipeline.copyIntoWithCancel(AbstractPipeline.java:502)
	at java.base/java.util.stream.AbstractPipeline.copyInto(AbstractPipeline.java:488)
	at java.base/java.util.stream.AbstractPipeline.wrapAndCopyInto(AbstractPipeline.java:474)
	at java.base/java.util.stream.FindOps$FindOp.evaluateSequential(FindOps.java:152)
	at java.base/java.util.stream.AbstractPipeline.evaluate(AbstractPipeline.java:234)
	at java.base/java.util.stream.ReferencePipeline.findFirst(ReferencePipeline.java:476)
	at org.openqa.selenium.remote.ProtocolHandshake.createSession(ProtocolHandshake.java:128)
	at org.openqa.selenium.remote.ProtocolHandshake.createSession(ProtocolHandshake.java:74)
	at org.openqa.selenium.remote.HttpCommandExecutor.execute(HttpCommandExecutor.java:136)
	at org.openqa.selenium.remote.service.DriverCommandExecutor.execute(DriverCommandExecutor.java:83)
	at org.openqa.selenium.remote.RemoteWebDriver.execute(RemoteWebDriver.java:552)
	at org.openqa.selenium.remote.RemoteWebDriver.startSession(RemoteWebDriver.java:213)
	at org.openqa.selenium.remote.RemoteWebDriver.&lt;init&gt;(RemoteWebDriver.java:131)
	at org.openqa.selenium.chrome.ChromeDriver.&lt;init&gt;(ChromeDriver.java:181)
	at org.openqa.selenium.chrome.ChromeDriver.&lt;init&gt;(ChromeDriver.java:168)
	at org.openqa.selenium.chrome.ChromeDriver.&lt;init&gt;(ChromeDriver.java:157)
	at testbase.Testbase.initializeDriver(Testbase.java:80)
	at webautomation.Mywebautomationframework.ValidateMenu.initialize(ValidateMenu.java:26)
	at java.base/java.util.concurrent.FutureTask.run(FutureTask.java:264)
	at java.base/java.util.concurrent.ThreadPoolExecutor.runWorker(ThreadPoolExecutor.java:1167)
	at java.base/java.util.concurrent.ThreadPoolExecutor$Worker.run(ThreadPoolExecutor.java:641)
	at java.base/java.lang.Thread.run(Thread.java:844)
... Removed 18 stack frames</div></td></tr></table><p class="totop"><a href="#summary">back to summary</a></p><h3 id="m6">webautomation.Mywebautomationframework.ValidateMenu#teardown</h3><table class="result"></table><p class="totop"><a href="#summary">back to summary</a></p><h3 id="m7">webautomation.Mywebautomationframework.ValidateMenu#validatemenutext</h3><table class="result"></table><p class="totop"><a href="#summary">back to summary</a></p></body></html>