<?xml version="1.0" encoding="UTF-8"?>
<testng-results ignored="0" total="5" passed="4" failed="1" skipped="0">
  <reporter-output>
  </reporter-output>
  <suite started-at="2020-06-30T18:25:58Z" name="Suite" finished-at="2020-06-30T18:26:13Z" duration-ms="14776">
    <groups>
    </groups>
    <test started-at="2020-06-30T18:25:58Z" name="validating one of the menu on home page" finished-at="2020-06-30T18:26:10Z" duration-ms="12166">
      <class name="webautomation.Mywebautomationframework.ValidateMenu">
        <test-method is-config="true" signature="initialize()[pri:0, instance:webautomation.Mywebautomationframework.ValidateMenu@32c726ee]" started-at="2020-06-30T18:25:58Z" name="initialize" finished-at="2020-06-30T18:26:09Z" duration-ms="10854" status="PASS">
          <reporter-output>
          </reporter-output>
        </test-method> <!-- initialize -->
        <test-method signature="basepagenavigation()[pri:0, instance:webautomation.Mywebautomationframework.ValidateMenu@32c726ee]" started-at="2020-06-30T18:26:09Z" name="basepagenavigation" finished-at="2020-06-30T18:26:09Z" duration-ms="109" status="PASS">
          <reporter-output>
          </reporter-output>
        </test-method> <!-- basepagenavigation -->
        <test-method is-config="true" signature="teardown()[pri:0, instance:webautomation.Mywebautomationframework.ValidateMenu@32c726ee]" started-at="2020-06-30T18:26:09Z" name="teardown" finished-at="2020-06-30T18:26:10Z" duration-ms="1198" status="PASS">
          <reporter-output>
          </reporter-output>
        </test-method> <!-- teardown -->
      </class> <!-- webautomation.Mywebautomationframework.ValidateMenu -->
    </test> <!-- validating one of the menu on home page -->
    <test started-at="2020-06-30T18:25:58Z" name="validating title in a page" finished-at="2020-06-30T18:26:11Z" duration-ms="12815">
      <class name="webautomation.Mywebautomationframework.ValidateTitle">
        <test-method is-config="true" signature="initialize()[pri:0, instance:webautomation.Mywebautomationframework.ValidateTitle@554e218]" started-at="2020-06-30T18:25:58Z" name="initialize" finished-at="2020-06-30T18:26:09Z" duration-ms="10717" status="PASS">
          <reporter-output>
          </reporter-output>
        </test-method> <!-- initialize -->
        <test-method signature="basepagenavigation()[pri:0, instance:webautomation.Mywebautomationframework.ValidateTitle@554e218]" started-at="2020-06-30T18:26:09Z" name="basepagenavigation" finished-at="2020-06-30T18:26:09Z" duration-ms="97" status="FAIL">
          <exception class="java.lang.AssertionError">
            <message>
              <![CDATA[expected [Business Plans Include1] but found [Business Plans Include]]]>
            </message>
            <full-stacktrace>
              <![CDATA[java.lang.AssertionError: expected [Business Plans Include1] but found [Business Plans Include]
at org.testng.Assert.fail(Assert.java:96)
at org.testng.Assert.failNotEquals(Assert.java:776)
at org.testng.Assert.assertEqualsImpl(Assert.java:137)
at org.testng.Assert.assertEquals(Assert.java:118)
at org.testng.Assert.assertEquals(Assert.java:453)
at org.testng.Assert.assertEquals(Assert.java:463)
at webautomation.Mywebautomationframework.ValidateTitle.basepagenavigation(ValidateTitle.java:51)
at java.base/jdk.internal.reflect.NativeMethodAccessorImpl.invoke0(Native Method)
at java.base/jdk.internal.reflect.NativeMethodAccessorImpl.invoke(NativeMethodAccessorImpl.java:62)
at java.base/jdk.internal.reflect.DelegatingMethodAccessorImpl.invoke(DelegatingMethodAccessorImpl.java:43)
at java.base/java.lang.reflect.Method.invoke(Method.java:564)
at org.testng.internal.MethodInvocationHelper.invokeMethod(MethodInvocationHelper.java:124)
at org.testng.internal.Invoker.invokeMethod(Invoker.java:583)
at org.testng.internal.Invoker.invokeTestMethod(Invoker.java:719)
at org.testng.internal.Invoker.invokeTestMethods(Invoker.java:989)
at org.testng.internal.TestMethodWorker.invokeTestMethods(TestMethodWorker.java:125)
at org.testng.internal.TestMethodWorker.run(TestMethodWorker.java:109)
at org.testng.TestRunner.privateRun(TestRunner.java:648)
at org.testng.TestRunner.run(TestRunner.java:505)
at org.testng.SuiteRunner.runTest(SuiteRunner.java:455)
at org.testng.SuiteRunner.access$000(SuiteRunner.java:40)
at org.testng.SuiteRunner$SuiteWorker.run(SuiteRunner.java:489)
at org.testng.internal.thread.ThreadUtil$1.call(ThreadUtil.java:52)
at java.base/java.util.concurrent.FutureTask.run(FutureTask.java:264)
at java.base/java.util.concurrent.ThreadPoolExecutor.runWorker(ThreadPoolExecutor.java:1167)
at java.base/java.util.concurrent.ThreadPoolExecutor$Worker.run(ThreadPoolExecutor.java:641)
at java.base/java.lang.Thread.run(Thread.java:844)
]]>
            </full-stacktrace>
          </exception> <!-- java.lang.AssertionError -->
          <reporter-output>
          </reporter-output>
        </test-method> <!-- basepagenavigation -->
        <test-method is-config="true" signature="teardown()[pri:0, instance:webautomation.Mywebautomationframework.ValidateTitle@554e218]" started-at="2020-06-30T18:26:11Z" name="teardown" finished-at="2020-06-30T18:26:11Z" duration-ms="312" status="PASS">
          <reporter-output>
          </reporter-output>
        </test-method> <!-- teardown -->
      </class> <!-- webautomation.Mywebautomationframework.ValidateTitle -->
    </test> <!-- validating title in a page -->
    <test started-at="2020-06-30T18:25:58Z" name="validating login with 3 different credentials" finished-at="2020-06-30T18:26:13Z" duration-ms="14776">
      <class name="webautomation.Mywebautomationframework.HomePageTest">
        <test-method is-config="true" signature="initialize()[pri:0, instance:webautomation.Mywebautomationframework.HomePageTest@34158c08]" started-at="2020-06-30T18:25:58Z" name="initialize" finished-at="2020-06-30T18:26:03Z" duration-ms="5013" status="PASS">
          <reporter-output>
          </reporter-output>
        </test-method> <!-- initialize -->
        <test-method signature="basepagenavigation(java.lang.String, java.lang.String)[pri:0, instance:webautomation.Mywebautomationframework.HomePageTest@34158c08]" started-at="2020-06-30T18:26:03Z" name="basepagenavigation" data-provider="getData" finished-at="2020-06-30T18:26:10Z" duration-ms="6936" status="PASS">
          <params>
            <param index="0">
              <value>
                <![CDATA[abc@test.com]]>
              </value>
            </param>
            <param index="1">
              <value>
                <![CDATA[123456]]>
              </value>
            </param>
          </params>
          <reporter-output>
          </reporter-output>
        </test-method> <!-- basepagenavigation -->
        <test-method signature="basepagenavigation(java.lang.String, java.lang.String)[pri:0, instance:webautomation.Mywebautomationframework.HomePageTest@34158c08]" started-at="2020-06-30T18:26:10Z" name="basepagenavigation" data-provider="getData" finished-at="2020-06-30T18:26:11Z" duration-ms="1172" status="PASS">
          <params>
            <param index="0">
              <value>
                <![CDATA[def@test.com]]>
              </value>
            </param>
            <param index="1">
              <value>
                <![CDATA[1234]]>
              </value>
            </param>
          </params>
          <reporter-output>
          </reporter-output>
        </test-method> <!-- basepagenavigation -->
        <test-method signature="basepagenavigation(java.lang.String, java.lang.String)[pri:0, instance:webautomation.Mywebautomationframework.HomePageTest@34158c08]" started-at="2020-06-30T18:26:11Z" name="basepagenavigation" data-provider="getData" finished-at="2020-06-30T18:26:13Z" duration-ms="1334" status="PASS">
          <params>
            <param index="0">
              <value>
                <![CDATA[ghi@test.com]]>
              </value>
            </param>
            <param index="1">
              <value>
                <![CDATA[1234567]]>
              </value>
            </param>
          </params>
          <reporter-output>
          </reporter-output>
        </test-method> <!-- basepagenavigation -->
        <test-method is-config="true" signature="teardown()[pri:0, instance:webautomation.Mywebautomationframework.HomePageTest@34158c08]" started-at="2020-06-30T18:26:13Z" name="teardown" finished-at="2020-06-30T18:26:13Z" duration-ms="284" status="PASS">
          <reporter-output>
          </reporter-output>
        </test-method> <!-- teardown -->
      </class> <!-- webautomation.Mywebautomationframework.HomePageTest -->
    </test> <!-- validating login with 3 different credentials -->
  </suite> <!-- Suite -->
</testng-results>
